<?xml version="1.0" encoding="UTF-8"?>
<!-- Generated by org.testng.reporters.JUnitReportReporter -->
<testsuite hostname="Bharath" name="com.testng.basic.dataProviderDemo" tests="2" failures="0" timestamp="24 Jan 2017 05:45:20 GMT" time="0.019" errors="0">
  <testcase name="f" time="0.004" classname="com.testng.basic.dataProviderDemo"/>
  <testcase name="f" time="0.015" classname="com.testng.basic.dataProviderDemo"/>
</testsuite> <!-- com.testng.basic.dataProviderDemo -->
